<?xml version="1.0" encoding="UTF-8"?>
<!-- Generated by org.testng.reporters.JUnitXMLReporter -->
<testsuite hostname="DLLAP0003" name="Package with subpackages" tests="3" failures="0" timestamp="13 May 2016 05:40:42 GMT" time="47.213" errors="0">
  <testcase name="run_cukes" time="39.532" classname="hbs.schoolwide.tests.Story_C5935_Test"/>
  <testcase name="run_cukes" time="45.4" classname="hbs.schoolwide.tests.Story_C5936_Test"/>
  <testcase name="run_cukes" time="47.174" classname="hbs.schoolwide.tests.Story_C5938_Test"/>
</testsuite> <!-- Package with subpackages -->
