<?xml version="1.0" encoding="UTF-8"?>
<!-- Generated by org.testng.reporters.JUnitXMLReporter -->
<testsuite hostname="DLLAP0003" name="Package with subpackages" tests="3" failures="0" timestamp="26 Apr 2016 12:03:46 GMT" time="157.472" errors="0">
  <testcase name="run_cukes" time="38.752" classname="hbs.schoolwide.tests.Story_C5935_Test"/>
  <testcase name="run_cukes" time="61.332" classname="hbs.schoolwide.tests.Story_C5936_Test"/>
  <testcase name="run_cukes" time="57.357" classname="hbs.schoolwide.tests.Story_C5938_Test"/>
</testsuite> <!-- Package with subpackages -->
