<?xml version="1.0" encoding="UTF-8"?>
<testng-results skipped="0" failed="0" total="3" passed="3">
  <reporter-output>
    <line>
      <![CDATA[<div "featureFile">Feature File: src&#x2F;it&#x2F;resources&#x2F;features&#x2F;Story_C5935.feature</div>]]>
    </line>
    <line>
      <![CDATA[<div "feature">Feature: User launches Service now application and is able to log in successfully</div>]]>
    </line>
    <line>
      <![CDATA[<div "scenario">Scenario: Verify user can access the Service Now application</div>]]>
    </line>
    <line>
      <![CDATA[<div "result">Given  I am on hbs secure login page (passed : 18s)</div>]]>
    </line>
    <line>
      <![CDATA[<div "result">When  I login with valid credentials (passed : 5s)</div>]]>
    </line>
    <line>
      <![CDATA[<div "result">Then  I land on Service now home page (passed : 0s)</div>]]>
    </line>
    <line>
      <![CDATA[<div "featureFile">Feature File: src&#x2F;it&#x2F;resources&#x2F;features&#x2F;Story_C5936.feature</div>]]>
    </line>
    <line>
      <![CDATA[<div "feature">Feature: User access Defect management area in service now application</div>]]>
    </line>
    <line>
      <![CDATA[<div "scenario">Scenario: Verify user can access the Defect form</div>]]>
    </line>
    <line>
      <![CDATA[<div "result">Given  I am on service now home page (passed : 14s)</div>]]>
    </line>
    <line>
      <![CDATA[<div "result">When  I type the term Defect in filter text box (passed : 26s)</div>]]>
    </line>
    <line>
      <![CDATA[<div "result">Then  I see Defect module and other links inside the left pane window (passed : 4s)</div>]]>
    </line>
    <line>
      <![CDATA[<div "result">When  I click on Create New link in the left navigation menu (passed : 0s)</div>]]>
    </line>
    <line>
      <![CDATA[<div "result">Then  I see a new Defect form opens in the right pane enabling the user to enter a defect (passed : 4s)</div>]]>
    </line>
    <line>
      <![CDATA[<div "featureFile">Feature File: src&#x2F;it&#x2F;resources&#x2F;features&#x2F;Story_C5938.feature</div>]]>
    </line>
    <line>
      <![CDATA[<div "feature">Feature: Error validation for blank submission of Defect Form</div>]]>
    </line>
    <line>
      <![CDATA[<div "scenario">Scenario: Verify all the required fields of Defect form</div>]]>
    </line>
    <line>
      <![CDATA[<div "result">Given  The defect creation form is open in the default state (passed : 43s)</div>]]>
    </line>
    <line>
      <![CDATA[<div "result">When  I click on the Submit Button (passed : 1s)</div>]]>
    </line>
    <line>
      <![CDATA[<div "result">Then  I observe that an error message pop-up window appears with the following text: The following mandatory fields are not filled in: Short description, Description, Environment, Application&#x2F;Service (passed : 1s)</div>]]>
    </line>
  </reporter-output>
  <suite name="Test runner" duration-ms="157472" started-at="2016-04-26T12:01:09Z" finished-at="2016-04-26T12:03:46Z">
    <groups>
      <group name="cucumber">
        <method signature="AbstractTestNGCucumberTests.run_cukes()[pri:0, instance:hbs.schoolwide.tests.Story_C5935_Test@49e4cb85]" name="run_cukes" class="cucumber.api.testng.AbstractTestNGCucumberTests"/>
        <method signature="AbstractTestNGCucumberTests.run_cukes()[pri:0, instance:hbs.schoolwide.tests.Story_C5936_Test@3ac3fd8b]" name="run_cukes" class="cucumber.api.testng.AbstractTestNGCucumberTests"/>
        <method signature="AbstractTestNGCucumberTests.run_cukes()[pri:0, instance:hbs.schoolwide.tests.Story_C5938_Test@5594a1b5]" name="run_cukes" class="cucumber.api.testng.AbstractTestNGCucumberTests"/>
      </group> <!-- cucumber -->
    </groups>
    <test name="Package with subpackages" duration-ms="157472" started-at="2016-04-26T12:01:09Z" finished-at="2016-04-26T12:03:46Z">
      <class name="hbs.schoolwide.tests.Story_C5938_Test">
        <test-method status="PASS" signature="run_cukes()[pri:0, instance:hbs.schoolwide.tests.Story_C5938_Test@5594a1b5]" name="run_cukes" duration-ms="57357" started-at="2016-04-26T17:32:49Z" description="Runs Cucumber Features" finished-at="2016-04-26T17:33:46Z">
          <reporter-output>
            <line>
              <![CDATA[<div "featureFile">Feature File: src&#x2F;it&#x2F;resources&#x2F;features&#x2F;Story_C5938.feature</div>]]>
            </line>
            <line>
              <![CDATA[<div "feature">Feature: Error validation for blank submission of Defect Form</div>]]>
            </line>
            <line>
              <![CDATA[<div "scenario">Scenario: Verify all the required fields of Defect form</div>]]>
            </line>
            <line>
              <![CDATA[<div "result">Given  The defect creation form is open in the default state (passed : 43s)</div>]]>
            </line>
            <line>
              <![CDATA[<div "result">When  I click on the Submit Button (passed : 1s)</div>]]>
            </line>
            <line>
              <![CDATA[<div "result">Then  I observe that an error message pop-up window appears with the following text: The following mandatory fields are not filled in: Short description, Description, Environment, Application&#x2F;Service (passed : 1s)</div>]]>
            </line>
          </reporter-output>
        </test-method> <!-- run_cukes -->
      </class> <!-- hbs.schoolwide.tests.Story_C5938_Test -->
      <class name="hbs.schoolwide.tests.Story_C5936_Test">
        <test-method status="PASS" signature="run_cukes()[pri:0, instance:hbs.schoolwide.tests.Story_C5936_Test@3ac3fd8b]" name="run_cukes" duration-ms="61332" started-at="2016-04-26T17:31:48Z" description="Runs Cucumber Features" finished-at="2016-04-26T17:32:49Z">
          <reporter-output>
            <line>
              <![CDATA[<div "featureFile">Feature File: src&#x2F;it&#x2F;resources&#x2F;features&#x2F;Story_C5936.feature</div>]]>
            </line>
            <line>
              <![CDATA[<div "feature">Feature: User access Defect management area in service now application</div>]]>
            </line>
            <line>
              <![CDATA[<div "scenario">Scenario: Verify user can access the Defect form</div>]]>
            </line>
            <line>
              <![CDATA[<div "result">Given  I am on service now home page (passed : 14s)</div>]]>
            </line>
            <line>
              <![CDATA[<div "result">When  I type the term Defect in filter text box (passed : 26s)</div>]]>
            </line>
            <line>
              <![CDATA[<div "result">Then  I see Defect module and other links inside the left pane window (passed : 4s)</div>]]>
            </line>
            <line>
              <![CDATA[<div "result">When  I click on Create New link in the left navigation menu (passed : 0s)</div>]]>
            </line>
            <line>
              <![CDATA[<div "result">Then  I see a new Defect form opens in the right pane enabling the user to enter a defect (passed : 4s)</div>]]>
            </line>
          </reporter-output>
        </test-method> <!-- run_cukes -->
      </class> <!-- hbs.schoolwide.tests.Story_C5936_Test -->
      <class name="hbs.schoolwide.tests.Story_C5935_Test">
        <test-method status="PASS" signature="run_cukes()[pri:0, instance:hbs.schoolwide.tests.Story_C5935_Test@49e4cb85]" name="run_cukes" duration-ms="38752" started-at="2016-04-26T17:31:09Z" description="Runs Cucumber Features" finished-at="2016-04-26T17:31:48Z">
          <reporter-output>
            <line>
              <![CDATA[<div "featureFile">Feature File: src&#x2F;it&#x2F;resources&#x2F;features&#x2F;Story_C5935.feature</div>]]>
            </line>
            <line>
              <![CDATA[<div "feature">Feature: User launches Service now application and is able to log in successfully</div>]]>
            </line>
            <line>
              <![CDATA[<div "scenario">Scenario: Verify user can access the Service Now application</div>]]>
            </line>
            <line>
              <![CDATA[<div "result">Given  I am on hbs secure login page (passed : 18s)</div>]]>
            </line>
            <line>
              <![CDATA[<div "result">When  I login with valid credentials (passed : 5s)</div>]]>
            </line>
            <line>
              <![CDATA[<div "result">Then  I land on Service now home page (passed : 0s)</div>]]>
            </line>
          </reporter-output>
        </test-method> <!-- run_cukes -->
      </class> <!-- hbs.schoolwide.tests.Story_C5935_Test -->
    </test> <!-- Package with subpackages -->
  </suite> <!-- Test runner -->
</testng-results>
